\BOOKMARK [1][-]{section*.1}{\376\377\000E\000d\000u\000c\000a\000t\000i\000o\000n}{}% 1
\BOOKMARK [1][-]{section*.2}{\376\377\000A\000c\000a\000d\000e\000m\000i\000c\000\040\000A\000p\000p\000o\000i\000n\000t\000m\000e\000n\000t\000s}{}% 2
\BOOKMARK [1][-]{section*.3}{\376\377\000T\000e\000a\000c\000h\000i\000n\000g\000\040\000E\000x\000p\000e\000r\000i\000e\000n\000c\000e}{}% 3
\BOOKMARK [1][-]{section*.4}{\376\377\000I\000n\000v\000i\000t\000e\000d\000\040\000T\000a\000l\000k\000s}{}% 4
\BOOKMARK [1][-]{section*.5}{\376\377\000C\000o\000n\000t\000r\000i\000b\000u\000t\000e\000d\000\040\000P\000r\000e\000s\000e\000n\000t\000a\000t\000i\000o\000n\000s}{}% 5
\BOOKMARK [1][-]{section*.6}{\376\377\000G\000r\000a\000n\000t\000s\000\040\000\046\000\040\000F\000e\000l\000l\000o\000w\000s\000h\000i\000p\000s}{}% 6
\BOOKMARK [1][-]{section*.7}{\376\377\000S\000e\000r\000v\000i\000c\000e\000\040\000t\000o\000\040\000P\000r\000o\000f\000e\000s\000s\000i\000o\000n}{}% 7
\BOOKMARK [2][-]{subsection*.8}{\376\377\000C\000u\000r\000r\000i\000c\000u\000l\000u\000m\000\040\000d\000e\000v\000e\000l\000o\000p\000m\000e\000n\000t}{section*.7}% 8
\BOOKMARK [2][-]{subsection*.9}{\376\377\000E\000d\000i\000t\000o\000r\000i\000a\000l\000\040\000s\000e\000r\000v\000i\000c\000e}{section*.7}% 9
\BOOKMARK [2][-]{subsection*.10}{\376\377\000A\000S\000A\000\040\000\046\000\040\000S\000t\000a\000t\000i\000s\000t\000i\000c\000s\000\040\000E\000d\000u\000c\000a\000t\000i\000o\000n}{section*.7}% 10
\BOOKMARK [1][-]{section*.11}{\376\377\000U\000n\000i\000v\000e\000r\000s\000i\000t\000y\000\040\000\046\000\040\000D\000e\000p\000a\000r\000t\000m\000e\000n\000t\000\040\000S\000e\000r\000v\000i\000c\000e}{}% 11
\BOOKMARK [1][-]{section*.12}{\376\377\000P\000u\000b\000l\000i\000c\000a\000t\000i\000o\000n\000s}{}% 12
\BOOKMARK [2][-]{subsection*.13}{\376\377\000P\000u\000b\000l\000i\000c\000a\000t\000i\000o\000n\000s\000:\000\040\000P\000e\000e\000r\000\040\000R\000e\000v\000i\000e\000w\000e\000d}{section*.12}% 13
\BOOKMARK [2][-]{subsection*.14}{\376\377\000P\000u\000b\000l\000i\000c\000a\000t\000i\000o\000n\000s\000:\000\040\000I\000n\000\040\000P\000r\000e\000s\000s}{section*.12}% 14
\BOOKMARK [2][-]{subsection*.15}{\376\377\000P\000u\000b\000l\000i\000c\000a\000t\000i\000o\000n\000s\000:\000\040\000I\000n\000\040\000R\000e\000v\000i\000e\000w}{section*.12}% 15
\BOOKMARK [2][-]{subsection*.16}{\376\377\000P\000u\000b\000l\000i\000c\000a\000t\000i\000o\000n\000s\000:\000\040\000F\000o\000r\000t\000h\000c\000o\000m\000i\000n\000g\000\040\000B\000o\000o\000k\000\040\000C\000h\000a\000p\000t\000e\000r\000s}{section*.12}% 16
\BOOKMARK [2][-]{subsection*.17}{\376\377\000P\000u\000b\000l\000i\000c\000a\000t\000i\000o\000n\000s\000:\000\040\000O\000t\000h\000e\000r}{section*.12}% 17
\BOOKMARK [1][-]{section*.18}{\376\377\000A\000d\000v\000i\000s\000i\000n\000g}{}% 18
\BOOKMARK [2][-]{subsection*.19}{\376\377\000U\000n\000d\000e\000r\000g\000r\000a\000d\000u\000a\000t\000e\000\040\000t\000h\000e\000s\000i\000s}{section*.18}% 19
\BOOKMARK [2][-]{subsection*.20}{\376\377\000U\000n\000d\000e\000r\000g\000r\000a\000d\000u\000a\000t\000e\000\040\000t\000h\000e\000s\000i\000s\000\040\000c\000o\000m\000m\000i\000t\000t\000e\000e}{section*.18}% 20
\BOOKMARK [2][-]{subsection*.21}{\376\377\000D\000o\000c\000t\000o\000r\000a\000l\000\040\000t\000h\000e\000s\000i\000s\000\040\000c\000o\000m\000m\000i\000t\000t\000e\000e}{section*.18}% 21
\BOOKMARK [2][-]{subsection*.22}{\376\377\000I\000n\000d\000e\000p\000e\000n\000d\000e\000n\000t\000\040\000s\000t\000u\000d\000y}{section*.18}% 22
\BOOKMARK [2][-]{subsection*.23}{\376\377\000O\000t\000h\000e\000r\000\040\000s\000u\000p\000e\000r\000v\000i\000s\000e\000d\000\040\000r\000e\000s\000e\000a\000r\000c\000h}{section*.18}% 23
\BOOKMARK [1][-]{section*.24}{\376\377\000P\000r\000o\000f\000e\000s\000s\000i\000o\000n\000a\000l\000\040\000E\000x\000p\000e\000r\000i\000e\000n\000c\000e}{}% 24
\BOOKMARK [1][-]{section*.25}{\376\377\000P\000r\000o\000f\000e\000s\000s\000i\000o\000n\000a\000l\000\040\000A\000f\000f\000i\000l\000i\000a\000t\000i\000o\000n\000s}{}% 25
